# JRE version: Java(TM) SE Runtime Environment (7.0_67-b01) (build 1.7.0_67-b01)
# Java VM: Java HotSpot(TM) 64-Bit Server VM (24.65-b04 mixed mode linux-amd64 compressed oops)
Heap
 PSYoungGen      total 349184K, used 127957K [0x00000000eaa80000, 0x0000000100000000, 0x0000000100000000)
  eden space 348672K, 36% used [0x00000000eaa80000,0x00000000f274d7d8,0x00000000fff00000)
  from space 512K, 31% used [0x00000000fff00000,0x00000000fff28000,0x00000000fff80000)
  to   space 512K, 0% used [0x00000000fff80000,0x00000000fff80000,0x0000000100000000)
 ParOldGen       total 125952K, used 75677K [0x00000000c0000000, 0x00000000c7b00000, 0x00000000eaa80000)
  object space 125952K, 60% used [0x00000000c0000000,0x00000000c49e7528,0x00000000c7b00000)
 PSPermGen       total 119808K, used 119358K [0x00000000b0000000, 0x00000000b7500000, 0x00000000c0000000)
  object space 119808K, 99% used [0x00000000b0000000,0x00000000b748f9b8,0x00000000b7500000)
GC Heap History (10 events):
Event: 174852.390 GC heap before
{Heap before GC invocations=1313515 (full 174):
 PSYoungGen      total 349184K, used 348704K [0x00000000eaa80000, 0x0000000100000000, 0x0000000100000000)
  eden space 348672K, 100% used [0x00000000eaa80000,0x00000000fff00000,0x00000000fff00000)
  from space 512K, 6% used [0x00000000fff80000,0x00000000fff88000,0x0000000100000000)
  to   space 512K, 0% used [0x00000000fff00000,0x00000000fff00000,0x00000000fff80000)
 ParOldGen       total 125952K, used 75169K [0x00000000c0000000, 0x00000000c7b00000, 0x00000000eaa80000)
  object space 125952K, 59% used [0x00000000c0000000,0x00000000c49686e8,0x00000000c7b00000)
 PSPermGen       total 119296K, used 119161K [0x00000000b0000000, 0x00000000b7480000, 0x00000000c0000000)
  object space 119296K, 99% used [0x00000000b0000000,0x00000000b745e650,0x00000000b7480000)
Event: 174852.416 GC heap after
Heap after GC invocations=1313515 (full 174):
 PSYoungGen      total 349184K, used 64K [0x00000000eaa80000, 0x0000000100000000, 0x0000000100000000)
  eden space 348672K, 0% used [0x00000000eaa80000,0x00000000eaa80000,0x00000000fff00000)
  from space 512K, 12% used [0x00000000fff00000,0x00000000fff10000,0x00000000fff80000)
  to   space 512K, 0% used [0x00000000fff80000,0x00000000fff80000,0x0000000100000000)
 ParOldGen       total 125952K, used 75169K [0x00000000c0000000, 0x00000000c7b00000, 0x00000000eaa80000)
  object space 125952K, 59% used [0x00000000c0000000,0x00000000c49686e8,0x00000000c7b00000)
 PSPermGen       total 119296K, used 119161K [0x00000000b0000000, 0x00000000b7480000, 0x00000000c0000000)
  object space 119296K, 99% used [0x00000000b0000000,0x00000000b745e650,0x00000000b7480000)
}
Event: 174852.530 GC heap before
{Heap before GC invocations=1313516 (full 174):
 PSYoungGen      total 349184K, used 348736K [0x00000000eaa80000, 0x0000000100000000, 0x0000000100000000)
  eden space 348672K, 100% used [0x00000000eaa80000,0x00000000fff00000,0x00000000fff00000)
  from space 512K, 12% used [0x00000000fff00000,0x00000000fff10000,0x00000000fff80000)
  to   space 512K, 0% used [0x00000000fff80000,0x00000000fff80000,0x0000000100000000)
 ParOldGen       total 125952K, used 75169K [0x00000000c0000000, 0x00000000c7b00000, 0x00000000eaa80000)
  object space 125952K, 59% used [0x00000000c0000000,0x00000000c49686e8,0x00000000c7b00000)
 PSPermGen       total 119296K, used 119211K [0x00000000b0000000, 0x00000000b7480000, 0x00000000c0000000)
  object space 119296K, 99% used [0x00000000b0000000,0x00000000b746ac68,0x00000000b7480000)
Event: 174852.546 GC heap after
Heap after GC invocations=1313516 (full 174):
 PSYoungGen      total 349184K, used 320K [0x00000000eaa80000, 0x0000000100000000, 0x0000000100000000)
  eden space 348672K, 0% used [0x00000000eaa80000,0x00000000eaa80000,0x00000000fff00000)
  from space 512K, 62% used [0x00000000fff80000,0x00000000fffd0000,0x0000000100000000)
  to   space 512K, 0% used [0x00000000fff00000,0x00000000fff00000,0x00000000fff80000)
 ParOldGen       total 125952K, used 75169K [0x00000000c0000000, 0x00000000c7b00000, 0x00000000eaa80000)
  object space 125952K, 59% used [0x00000000c0000000,0x00000000c49686e8,0x00000000c7b00000)
 PSPermGen       total 119296K, used 119211K [0x00000000b0000000, 0x00000000b7480000, 0x00000000c0000000)
  object space 119296K, 99% used [0x00000000b0000000,0x00000000b746ac68,0x00000000b7480000)
}
Event: 174852.755 GC heap before
{Heap before GC invocations=1313517 (full 174):
 PSYoungGen      total 349184K, used 348992K [0x00000000eaa80000, 0x0000000100000000, 0x0000000100000000)
  eden space 348672K, 100% used [0x00000000eaa80000,0x00000000fff00000,0x00000000fff00000)
  from space 512K, 62% used [0x00000000fff80000,0x00000000fffd0000,0x0000000100000000)
  to   space 512K, 0% used [0x00000000fff00000,0x00000000fff00000,0x00000000fff80000)
 ParOldGen       total 125952K, used 75169K [0x00000000c0000000, 0x00000000c7b00000, 0x00000000eaa80000)
  object space 125952K, 59% used [0x00000000c0000000,0x00000000c49686e8,0x00000000c7b00000)
 PSPermGen       total 119808K, used 119354K [0x00000000b0000000, 0x00000000b7500000, 0x00000000c0000000)
  object space 119808K, 99% used [0x00000000b0000000,0x00000000b748e838,0x00000000b7500000)
Event: 174852.768 GC heap after
Heap after GC invocations=1313517 (full 174):
 PSYoungGen      total 349184K, used 512K [0x00000000eaa80000, 0x0000000100000000, 0x0000000100000000)
  eden space 348672K, 0% used [0x00000000eaa80000,0x00000000eaa80000,0x00000000fff00000)
  from space 512K, 100% used [0x00000000fff00000,0x00000000fff80000,0x00000000fff80000)
  to   space 512K, 0% used [0x00000000fff80000,0x00000000fff80000,0x0000000100000000)
 ParOldGen       total 125952K, used 75244K [0x00000000c0000000, 0x00000000c7b00000, 0x00000000eaa80000)
  object space 125952K, 59% used [0x00000000c0000000,0x00000000c497b088,0x00000000c7b00000)
 PSPermGen       total 119808K, used 119354K [0x00000000b0000000, 0x00000000b7500000, 0x00000000c0000000)
  object space 119808K, 99% used [0x00000000b0000000,0x00000000b748e838,0x00000000b7500000)
}
Event: 174852.898 GC heap before
{Heap before GC invocations=1313518 (full 174):
 PSYoungGen      total 349184K, used 349184K [0x00000000eaa80000, 0x0000000100000000, 0x0000000100000000)
  eden space 348672K, 100% used [0x00000000eaa80000,0x00000000fff00000,0x00000000fff00000)
  from space 512K, 100% used [0x00000000fff00000,0x00000000fff80000,0x00000000fff80000)
  to   space 512K, 0% used [0x00000000fff80000,0x00000000fff80000,0x0000000100000000)
 ParOldGen       total 125952K, used 75244K [0x00000000c0000000, 0x00000000c7b00000, 0x00000000eaa80000)
  object space 125952K, 59% used [0x00000000c0000000,0x00000000c497b088,0x00000000c7b00000)
 PSPermGen       total 119808K, used 119358K [0x00000000b0000000, 0x00000000b7500000, 0x00000000c0000000)
  object space 119808K, 99% used [0x00000000b0000000,0x00000000b748f870,0x00000000b7500000)
Event: 174852.917 GC heap after
Heap after GC invocations=1313518 (full 174):
 PSYoungGen      total 349184K, used 128K [0x00000000eaa80000, 0x0000000100000000, 0x0000000100000000)
  eden space 348672K, 0% used [0x00000000eaa80000,0x00000000eaa80000,0x00000000fff00000)
  from space 512K, 25% used [0x00000000fff80000,0x00000000fffa0000,0x0000000100000000)
  to   space 512K, 0% used [0x00000000fff00000,0x00000000fff00000,0x00000000fff80000)
 ParOldGen       total 125952K, used 75653K [0x00000000c0000000, 0x00000000c7b00000, 0x00000000eaa80000)
  object space 125952K, 60% used [0x00000000c0000000,0x00000000c49e1528,0x00000000c7b00000)
 PSPermGen       total 119808K, used 119358K [0x00000000b0000000, 0x00000000b7500000, 0x00000000c0000000)
  object space 119808K, 99% used [0x00000000b0000000,0x00000000b748f870,0x00000000b7500000)
}
Event: 174853.038 GC heap before
{Heap before GC invocations=1313519 (full 174):
 PSYoungGen      total 349184K, used 348800K [0x00000000eaa80000, 0x0000000100000000, 0x0000000100000000)
  eden space 348672K, 100% used [0x00000000eaa80000,0x00000000fff00000,0x00000000fff00000)
  from space 512K, 25% used [0x00000000fff80000,0x00000000fffa0000,0x0000000100000000)
  to   space 512K, 0% used [0x00000000fff00000,0x00000000fff00000,0x00000000fff80000)
 ParOldGen       total 125952K, used 75653K [0x00000000c0000000, 0x00000000c7b00000, 0x00000000eaa80000)
  object space 125952K, 60% used [0x00000000c0000000,0x00000000c49e1528,0x00000000c7b00000)
 PSPermGen       total 119808K, used 119358K [0x00000000b0000000, 0x00000000b7500000, 0x00000000c0000000)
  object space 119808K, 99% used [0x00000000b0000000,0x00000000b748f9b8,0x00000000b7500000)
Event: 174853.075 GC heap after
Heap after GC invocations=1313519 (full 174):
 PSYoungGen      total 349184K, used 160K [0x00000000eaa80000, 0x0000000100000000, 0x0000000100000000)
  eden space 348672K, 0% used [0x00000000eaa80000,0x00000000eaa80000,0x00000000fff00000)
  from space 512K, 31% used [0x00000000fff00000,0x00000000fff28000,0x00000000fff80000)
  to   space 512K, 0% used [0x00000000fff80000,0x00000000fff80000,0x0000000100000000)
 ParOldGen       total 125952K, used 75677K [0x00000000c0000000, 0x00000000c7b00000, 0x00000000eaa80000)
  object space 125952K, 60% used [0x00000000c0000000,0x00000000c49e7528,0x00000000c7b00000)
 PSPermGen       total 119808K, used 119358K [0x00000000b0000000, 0x00000000b7500000, 0x00000000c0000000)
  object space 119808K, 99% used [0x00000000b0000000,0x00000000b748f9b8,0x00000000b7500000)
}

