# JRE version: Java(TM) SE Runtime Environment (7.0_67-b01) (build 1.7.0_67-b01)
# Java VM: Java HotSpot(TM) 64-Bit Server VM (24.65-b04 mixed mode linux-amd64 compressed oops)
Heap
 PSYoungGen      total 349184K, used 252976K [0x00000000eaa80000, 0x0000000100000000, 0x0000000100000000)
  eden space 348672K, 72% used [0x00000000eaa80000,0x00000000fa17c1b0,0x00000000fff00000)
  from space 512K, 12% used [0x00000000fff80000,0x00000000fff90000,0x0000000100000000)
  to   space 512K, 0% used [0x00000000fff00000,0x00000000fff00000,0x00000000fff80000)
 ParOldGen       total 104448K, used 57819K [0x00000000c0000000, 0x00000000c6600000, 0x00000000eaa80000)
  object space 104448K, 55% used [0x00000000c0000000,0x00000000c3876d98,0x00000000c6600000)
 PSPermGen       total 120320K, used 120100K [0x00000000b0000000, 0x00000000b7580000, 0x00000000c0000000)
  object space 120320K, 99% used [0x00000000b0000000,0x00000000b75492a8,0x00000000b7580000)
GC Heap History (10 events):
Event: 182285.009 GC heap before
{Heap before GC invocations=902099 (full 2035):
 PSYoungGen      total 349184K, used 348768K [0x00000000eaa80000, 0x0000000100000000, 0x0000000100000000)
  eden space 348672K, 100% used [0x00000000eaa80000,0x00000000fff00000,0x00000000fff00000)
  from space 512K, 18% used [0x00000000fff00000,0x00000000fff18000,0x00000000fff80000)
  to   space 512K, 0% used [0x00000000fff80000,0x00000000fff80000,0x0000000100000000)
 ParOldGen       total 104448K, used 57819K [0x00000000c0000000, 0x00000000c6600000, 0x00000000eaa80000)
  object space 104448K, 55% used [0x00000000c0000000,0x00000000c3876d98,0x00000000c6600000)
 PSPermGen       total 120320K, used 120100K [0x00000000b0000000, 0x00000000b7580000, 0x00000000c0000000)
  object space 120320K, 99% used [0x00000000b0000000,0x00000000b75492a8,0x00000000b7580000)
Event: 182285.036 GC heap after
Heap after GC invocations=902099 (full 2035):
 PSYoungGen      total 349184K, used 32K [0x00000000eaa80000, 0x0000000100000000, 0x0000000100000000)
  eden space 348672K, 0% used [0x00000000eaa80000,0x00000000eaa80000,0x00000000fff00000)
  from space 512K, 6% used [0x00000000fff80000,0x00000000fff88000,0x0000000100000000)
  to   space 512K, 0% used [0x00000000fff00000,0x00000000fff00000,0x00000000fff80000)
 ParOldGen       total 104448K, used 57819K [0x00000000c0000000, 0x00000000c6600000, 0x00000000eaa80000)
  object space 104448K, 55% used [0x00000000c0000000,0x00000000c3876d98,0x00000000c6600000)
 PSPermGen       total 120320K, used 120100K [0x00000000b0000000, 0x00000000b7580000, 0x00000000c0000000)
  object space 120320K, 99% used [0x00000000b0000000,0x00000000b75492a8,0x00000000b7580000)
}
Event: 182285.143 GC heap before
{Heap before GC invocations=902100 (full 2035):
 PSYoungGen      total 349184K, used 348704K [0x00000000eaa80000, 0x0000000100000000, 0x0000000100000000)
  eden space 348672K, 100% used [0x00000000eaa80000,0x00000000fff00000,0x00000000fff00000)
  from space 512K, 6% used [0x00000000fff80000,0x00000000fff88000,0x0000000100000000)
  to   space 512K, 0% used [0x00000000fff00000,0x00000000fff00000,0x00000000fff80000)
 ParOldGen       total 104448K, used 57819K [0x00000000c0000000, 0x00000000c6600000, 0x00000000eaa80000)
  object space 104448K, 55% used [0x00000000c0000000,0x00000000c3876d98,0x00000000c6600000)
 PSPermGen       total 120320K, used 120100K [0x00000000b0000000, 0x00000000b7580000, 0x00000000c0000000)
  object space 120320K, 99% used [0x00000000b0000000,0x00000000b75492a8,0x00000000b7580000)
Event: 182285.176 GC heap after
Heap after GC invocations=902100 (full 2035):
 PSYoungGen      total 349184K, used 64K [0x00000000eaa80000, 0x0000000100000000, 0x0000000100000000)
  eden space 348672K, 0% used [0x00000000eaa80000,0x00000000eaa80000,0x00000000fff00000)
  from space 512K, 12% used [0x00000000fff00000,0x00000000fff10000,0x00000000fff80000)
  to   space 512K, 0% used [0x00000000fff80000,0x00000000fff80000,0x0000000100000000)
 ParOldGen       total 104448K, used 57819K [0x00000000c0000000, 0x00000000c6600000, 0x00000000eaa80000)
  object space 104448K, 55% used [0x00000000c0000000,0x00000000c3876d98,0x00000000c6600000)
 PSPermGen       total 120320K, used 120100K [0x00000000b0000000, 0x00000000b7580000, 0x00000000c0000000)
  object space 120320K, 99% used [0x00000000b0000000,0x00000000b75492a8,0x00000000b7580000)
}
Event: 182285.277 GC heap before
{Heap before GC invocations=902101 (full 2035):
 PSYoungGen      total 349184K, used 348736K [0x00000000eaa80000, 0x0000000100000000, 0x0000000100000000)
  eden space 348672K, 100% used [0x00000000eaa80000,0x00000000fff00000,0x00000000fff00000)
  from space 512K, 12% used [0x00000000fff00000,0x00000000fff10000,0x00000000fff80000)
  to   space 512K, 0% used [0x00000000fff80000,0x00000000fff80000,0x0000000100000000)
 ParOldGen       total 104448K, used 57819K [0x00000000c0000000, 0x00000000c6600000, 0x00000000eaa80000)
  object space 104448K, 55% used [0x00000000c0000000,0x00000000c3876d98,0x00000000c6600000)
 PSPermGen       total 120320K, used 120100K [0x00000000b0000000, 0x00000000b7580000, 0x00000000c0000000)
  object space 120320K, 99% used [0x00000000b0000000,0x00000000b75492a8,0x00000000b7580000)
Event: 182285.292 GC heap after
Heap after GC invocations=902101 (full 2035):
 PSYoungGen      total 349184K, used 32K [0x00000000eaa80000, 0x0000000100000000, 0x0000000100000000)
  eden space 348672K, 0% used [0x00000000eaa80000,0x00000000eaa80000,0x00000000fff00000)
  from space 512K, 6% used [0x00000000fff80000,0x00000000fff88000,0x0000000100000000)
  to   space 512K, 0% used [0x00000000fff00000,0x00000000fff00000,0x00000000fff80000)
 ParOldGen       total 104448K, used 57819K [0x00000000c0000000, 0x00000000c6600000, 0x00000000eaa80000)
  object space 104448K, 55% used [0x00000000c0000000,0x00000000c3876d98,0x00000000c6600000)
 PSPermGen       total 120320K, used 120100K [0x00000000b0000000, 0x00000000b7580000, 0x00000000c0000000)
  object space 120320K, 99% used [0x00000000b0000000,0x00000000b75492a8,0x00000000b7580000)
}
Event: 182285.382 GC heap before
{Heap before GC invocations=902102 (full 2035):
 PSYoungGen      total 349184K, used 348704K [0x00000000eaa80000, 0x0000000100000000, 0x0000000100000000)
  eden space 348672K, 100% used [0x00000000eaa80000,0x00000000fff00000,0x00000000fff00000)
  from space 512K, 6% used [0x00000000fff80000,0x00000000fff88000,0x0000000100000000)
  to   space 512K, 0% used [0x00000000fff00000,0x00000000fff00000,0x00000000fff80000)
 ParOldGen       total 104448K, used 57819K [0x00000000c0000000, 0x00000000c6600000, 0x00000000eaa80000)
  object space 104448K, 55% used [0x00000000c0000000,0x00000000c3876d98,0x00000000c6600000)
 PSPermGen       total 120320K, used 120100K [0x00000000b0000000, 0x00000000b7580000, 0x00000000c0000000)
  object space 120320K, 99% used [0x00000000b0000000,0x00000000b75492a8,0x00000000b7580000)
Event: 182285.391 GC heap after
Heap after GC invocations=902102 (full 2035):
 PSYoungGen      total 349184K, used 96K [0x00000000eaa80000, 0x0000000100000000, 0x0000000100000000)
  eden space 348672K, 0% used [0x00000000eaa80000,0x00000000eaa80000,0x00000000fff00000)
  from space 512K, 18% used [0x00000000fff00000,0x00000000fff18000,0x00000000fff80000)
  to   space 512K, 0% used [0x00000000fff80000,0x00000000fff80000,0x0000000100000000)
 ParOldGen       total 104448K, used 57819K [0x00000000c0000000, 0x00000000c6600000, 0x00000000eaa80000)
  object space 104448K, 55% used [0x00000000c0000000,0x00000000c3876d98,0x00000000c6600000)
 PSPermGen       total 120320K, used 120100K [0x00000000b0000000, 0x00000000b7580000, 0x00000000c0000000)
  object space 120320K, 99% used [0x00000000b0000000,0x00000000b75492a8,0x00000000b7580000)
}
Event: 182285.501 GC heap before
{Heap before GC invocations=902103 (full 2035):
 PSYoungGen      total 349184K, used 348768K [0x00000000eaa80000, 0x0000000100000000, 0x0000000100000000)
  eden space 348672K, 100% used [0x00000000eaa80000,0x00000000fff00000,0x00000000fff00000)
  from space 512K, 18% used [0x00000000fff00000,0x00000000fff18000,0x00000000fff80000)
  to   space 512K, 0% used [0x00000000fff80000,0x00000000fff80000,0x0000000100000000)
 ParOldGen       total 104448K, used 57819K [0x00000000c0000000, 0x00000000c6600000, 0x00000000eaa80000)
  object space 104448K, 55% used [0x00000000c0000000,0x00000000c3876d98,0x00000000c6600000)
 PSPermGen       total 120320K, used 120100K [0x00000000b0000000, 0x00000000b7580000, 0x00000000c0000000)
  object space 120320K, 99% used [0x00000000b0000000,0x00000000b75492a8,0x00000000b7580000)
Event: 182285.518 GC heap after
Heap after GC invocations=902103 (full 2035):
 PSYoungGen      total 349184K, used 64K [0x00000000eaa80000, 0x0000000100000000, 0x0000000100000000)
  eden space 348672K, 0% used [0x00000000eaa80000,0x00000000eaa80000,0x00000000fff00000)
  from space 512K, 12% used [0x00000000fff80000,0x00000000fff90000,0x0000000100000000)
  to   space 512K, 0% used [0x00000000fff00000,0x00000000fff00000,0x00000000fff80000)
 ParOldGen       total 104448K, used 57819K [0x00000000c0000000, 0x00000000c6600000, 0x00000000eaa80000)
  object space 104448K, 55% used [0x00000000c0000000,0x00000000c3876d98,0x00000000c6600000)
 PSPermGen       total 120320K, used 120100K [0x00000000b0000000, 0x00000000b7580000, 0x00000000c0000000)
  object space 120320K, 99% used [0x00000000b0000000,0x00000000b75492a8,0x00000000b7580000)
}

