# JRE version: Java(TM) SE Runtime Environment (7.0_67-b01) (build 1.7.0_67-b01)
# Java VM: Java HotSpot(TM) 64-Bit Server VM (24.65-b04 mixed mode linux-amd64 compressed oops)
Heap
 PSYoungGen      total 349184K, used 252708K [0x00000000eaa80000, 0x0000000100000000, 0x0000000100000000)
  eden space 348672K, 72% used [0x00000000eaa80000,0x00000000fa139210,0x00000000fff00000)
  from space 512K, 12% used [0x00000000fff80000,0x00000000fff90000,0x0000000100000000)
  to   space 512K, 0% used [0x00000000fff00000,0x00000000fff00000,0x00000000fff80000)
 ParOldGen       total 101888K, used 86273K [0x00000000c0000000, 0x00000000c6380000, 0x00000000eaa80000)
  object space 101888K, 84% used [0x00000000c0000000,0x00000000c5440600,0x00000000c6380000)
 PSPermGen       total 120320K, used 119935K [0x00000000b0000000, 0x00000000b7580000, 0x00000000c0000000)
  object space 120320K, 99% used [0x00000000b0000000,0x00000000b751fda0,0x00000000b7580000)
GC Heap History (10 events):
Event: 91130.312 GC heap before
{Heap before GC invocations=285475 (full 623):
 PSYoungGen      total 349184K, used 348704K [0x00000000eaa80000, 0x0000000100000000, 0x0000000100000000)
  eden space 348672K, 100% used [0x00000000eaa80000,0x00000000fff00000,0x00000000fff00000)
  from space 512K, 6% used [0x00000000fff00000,0x00000000fff08000,0x00000000fff80000)
  to   space 512K, 0% used [0x00000000fff80000,0x00000000fff80000,0x0000000100000000)
 ParOldGen       total 101888K, used 86273K [0x00000000c0000000, 0x00000000c6380000, 0x00000000eaa80000)
  object space 101888K, 84% used [0x00000000c0000000,0x00000000c5440600,0x00000000c6380000)
 PSPermGen       total 120320K, used 119935K [0x00000000b0000000, 0x00000000b7580000, 0x00000000c0000000)
  object space 120320K, 99% used [0x00000000b0000000,0x00000000b751fda0,0x00000000b7580000)
Event: 91130.383 GC heap after
Heap after GC invocations=285475 (full 623):
 PSYoungGen      total 349184K, used 64K [0x00000000eaa80000, 0x0000000100000000, 0x0000000100000000)
  eden space 348672K, 0% used [0x00000000eaa80000,0x00000000eaa80000,0x00000000fff00000)
  from space 512K, 12% used [0x00000000fff80000,0x00000000fff90000,0x0000000100000000)
  to   space 512K, 0% used [0x00000000fff00000,0x00000000fff00000,0x00000000fff80000)
 ParOldGen       total 101888K, used 86273K [0x00000000c0000000, 0x00000000c6380000, 0x00000000eaa80000)
  object space 101888K, 84% used [0x00000000c0000000,0x00000000c5440600,0x00000000c6380000)
 PSPermGen       total 120320K, used 119935K [0x00000000b0000000, 0x00000000b7580000, 0x00000000c0000000)
  object space 120320K, 99% used [0x00000000b0000000,0x00000000b751fda0,0x00000000b7580000)
}
Event: 91130.773 GC heap before
{Heap before GC invocations=285476 (full 623):
 PSYoungGen      total 349184K, used 348736K [0x00000000eaa80000, 0x0000000100000000, 0x0000000100000000)
  eden space 348672K, 100% used [0x00000000eaa80000,0x00000000fff00000,0x00000000fff00000)
  from space 512K, 12% used [0x00000000fff80000,0x00000000fff90000,0x0000000100000000)
  to   space 512K, 0% used [0x00000000fff00000,0x00000000fff00000,0x00000000fff80000)
 ParOldGen       total 101888K, used 86273K [0x00000000c0000000, 0x00000000c6380000, 0x00000000eaa80000)
  object space 101888K, 84% used [0x00000000c0000000,0x00000000c5440600,0x00000000c6380000)
 PSPermGen       total 120320K, used 119935K [0x00000000b0000000, 0x00000000b7580000, 0x00000000c0000000)
  object space 120320K, 99% used [0x00000000b0000000,0x00000000b751fda0,0x00000000b7580000)
Event: 91130.808 GC heap after
Heap after GC invocations=285476 (full 623):
 PSYoungGen      total 349184K, used 64K [0x00000000eaa80000, 0x0000000100000000, 0x0000000100000000)
  eden space 348672K, 0% used [0x00000000eaa80000,0x00000000eaa80000,0x00000000fff00000)
  from space 512K, 12% used [0x00000000fff00000,0x00000000fff10000,0x00000000fff80000)
  to   space 512K, 0% used [0x00000000fff80000,0x00000000fff80000,0x0000000100000000)
 ParOldGen       total 101888K, used 86273K [0x00000000c0000000, 0x00000000c6380000, 0x00000000eaa80000)
  object space 101888K, 84% used [0x00000000c0000000,0x00000000c5440600,0x00000000c6380000)
 PSPermGen       total 120320K, used 119935K [0x00000000b0000000, 0x00000000b7580000, 0x00000000c0000000)
  object space 120320K, 99% used [0x00000000b0000000,0x00000000b751fda0,0x00000000b7580000)
}
Event: 91131.196 GC heap before
{Heap before GC invocations=285477 (full 623):
 PSYoungGen      total 349184K, used 348736K [0x00000000eaa80000, 0x0000000100000000, 0x0000000100000000)
  eden space 348672K, 100% used [0x00000000eaa80000,0x00000000fff00000,0x00000000fff00000)
  from space 512K, 12% used [0x00000000fff00000,0x00000000fff10000,0x00000000fff80000)
  to   space 512K, 0% used [0x00000000fff80000,0x00000000fff80000,0x0000000100000000)
 ParOldGen       total 101888K, used 86273K [0x00000000c0000000, 0x00000000c6380000, 0x00000000eaa80000)
  object space 101888K, 84% used [0x00000000c0000000,0x00000000c5440600,0x00000000c6380000)
 PSPermGen       total 120320K, used 119935K [0x00000000b0000000, 0x00000000b7580000, 0x00000000c0000000)
  object space 120320K, 99% used [0x00000000b0000000,0x00000000b751fda0,0x00000000b7580000)
Event: 91131.219 GC heap after
Heap after GC invocations=285477 (full 623):
 PSYoungGen      total 349184K, used 96K [0x00000000eaa80000, 0x0000000100000000, 0x0000000100000000)
  eden space 348672K, 0% used [0x00000000eaa80000,0x00000000eaa80000,0x00000000fff00000)
  from space 512K, 18% used [0x00000000fff80000,0x00000000fff98000,0x0000000100000000)
  to   space 512K, 0% used [0x00000000fff00000,0x00000000fff00000,0x00000000fff80000)
 ParOldGen       total 101888K, used 86273K [0x00000000c0000000, 0x00000000c6380000, 0x00000000eaa80000)
  object space 101888K, 84% used [0x00000000c0000000,0x00000000c5440600,0x00000000c6380000)
 PSPermGen       total 120320K, used 119935K [0x00000000b0000000, 0x00000000b7580000, 0x00000000c0000000)
  object space 120320K, 99% used [0x00000000b0000000,0x00000000b751fda0,0x00000000b7580000)
}
Event: 91131.608 GC heap before
{Heap before GC invocations=285478 (full 623):
 PSYoungGen      total 349184K, used 348768K [0x00000000eaa80000, 0x0000000100000000, 0x0000000100000000)
  eden space 348672K, 100% used [0x00000000eaa80000,0x00000000fff00000,0x00000000fff00000)
  from space 512K, 18% used [0x00000000fff80000,0x00000000fff98000,0x0000000100000000)
  to   space 512K, 0% used [0x00000000fff00000,0x00000000fff00000,0x00000000fff80000)
 ParOldGen       total 101888K, used 86273K [0x00000000c0000000, 0x00000000c6380000, 0x00000000eaa80000)
  object space 101888K, 84% used [0x00000000c0000000,0x00000000c5440600,0x00000000c6380000)
 PSPermGen       total 120320K, used 119935K [0x00000000b0000000, 0x00000000b7580000, 0x00000000c0000000)
  object space 120320K, 99% used [0x00000000b0000000,0x00000000b751fda0,0x00000000b7580000)
Event: 91131.651 GC heap after
Heap after GC invocations=285478 (full 623):
 PSYoungGen      total 349184K, used 96K [0x00000000eaa80000, 0x0000000100000000, 0x0000000100000000)
  eden space 348672K, 0% used [0x00000000eaa80000,0x00000000eaa80000,0x00000000fff00000)
  from space 512K, 18% used [0x00000000fff00000,0x00000000fff18000,0x00000000fff80000)
  to   space 512K, 0% used [0x00000000fff80000,0x00000000fff80000,0x0000000100000000)
 ParOldGen       total 101888K, used 86273K [0x00000000c0000000, 0x00000000c6380000, 0x00000000eaa80000)
  object space 101888K, 84% used [0x00000000c0000000,0x00000000c5440600,0x00000000c6380000)
 PSPermGen       total 120320K, used 119935K [0x00000000b0000000, 0x00000000b7580000, 0x00000000c0000000)
  object space 120320K, 99% used [0x00000000b0000000,0x00000000b751fda0,0x00000000b7580000)
}
Event: 91132.042 GC heap before
{Heap before GC invocations=285479 (full 623):
 PSYoungGen      total 349184K, used 348768K [0x00000000eaa80000, 0x0000000100000000, 0x0000000100000000)
  eden space 348672K, 100% used [0x00000000eaa80000,0x00000000fff00000,0x00000000fff00000)
  from space 512K, 18% used [0x00000000fff00000,0x00000000fff18000,0x00000000fff80000)
  to   space 512K, 0% used [0x00000000fff80000,0x00000000fff80000,0x0000000100000000)
 ParOldGen       total 101888K, used 86273K [0x00000000c0000000, 0x00000000c6380000, 0x00000000eaa80000)
  object space 101888K, 84% used [0x00000000c0000000,0x00000000c5440600,0x00000000c6380000)
 PSPermGen       total 120320K, used 119935K [0x00000000b0000000, 0x00000000b7580000, 0x00000000c0000000)
  object space 120320K, 99% used [0x00000000b0000000,0x00000000b751fda0,0x00000000b7580000)
Event: 91132.073 GC heap after
Heap after GC invocations=285479 (full 623):
 PSYoungGen      total 349184K, used 64K [0x00000000eaa80000, 0x0000000100000000, 0x0000000100000000)
  eden space 348672K, 0% used [0x00000000eaa80000,0x00000000eaa80000,0x00000000fff00000)
  from space 512K, 12% used [0x00000000fff80000,0x00000000fff90000,0x0000000100000000)
  to   space 512K, 0% used [0x00000000fff00000,0x00000000fff00000,0x00000000fff80000)
 ParOldGen       total 101888K, used 86273K [0x00000000c0000000, 0x00000000c6380000, 0x00000000eaa80000)
  object space 101888K, 84% used [0x00000000c0000000,0x00000000c5440600,0x00000000c6380000)
 PSPermGen       total 120320K, used 119935K [0x00000000b0000000, 0x00000000b7580000, 0x00000000c0000000)
  object space 120320K, 99% used [0x00000000b0000000,0x00000000b751fda0,0x00000000b7580000)
}

