# JRE version: Java(TM) SE Runtime Environment (7.0_67-b01) (build 1.7.0_67-b01)
# Java VM: Java HotSpot(TM) 64-Bit Server VM (24.65-b04 mixed mode linux-amd64 compressed oops)
Heap
 PSYoungGen      total 349184K, used 28139K [0x00000000eaa80000, 0x0000000100000000, 0x0000000100000000)
  eden space 348672K, 8% used [0x00000000eaa80000,0x00000000ec5eaf70,0x00000000fff00000)
  from space 512K, 12% used [0x00000000fff00000,0x00000000fff10000,0x00000000fff80000)
  to   space 512K, 0% used [0x00000000fff80000,0x00000000fff80000,0x0000000100000000)
 ParOldGen       total 104448K, used 98412K [0x00000000c0000000, 0x00000000c6600000, 0x00000000eaa80000)
  object space 104448K, 94% used [0x00000000c0000000,0x00000000c601b1d0,0x00000000c6600000)
 PSPermGen       total 120320K, used 120065K [0x00000000b0000000, 0x00000000b7580000, 0x00000000c0000000)
  object space 120320K, 99% used [0x00000000b0000000,0x00000000b75406e0,0x00000000b7580000)
GC Heap History (10 events):
Event: 124027.139 GC heap before
{Heap before GC invocations=401866 (full 977):
 PSYoungGen      total 349184K, used 348736K [0x00000000eaa80000, 0x0000000100000000, 0x0000000100000000)
  eden space 348672K, 100% used [0x00000000eaa80000,0x00000000fff00000,0x00000000fff00000)
  from space 512K, 12% used [0x00000000fff80000,0x00000000fff90000,0x0000000100000000)
  to   space 512K, 0% used [0x00000000fff00000,0x00000000fff00000,0x00000000fff80000)
 ParOldGen       total 104448K, used 98412K [0x00000000c0000000, 0x00000000c6600000, 0x00000000eaa80000)
  object space 104448K, 94% used [0x00000000c0000000,0x00000000c601b1d0,0x00000000c6600000)
 PSPermGen       total 120320K, used 120065K [0x00000000b0000000, 0x00000000b7580000, 0x00000000c0000000)
  object space 120320K, 99% used [0x00000000b0000000,0x00000000b75406e0,0x00000000b7580000)
Event: 124027.160 GC heap after
Heap after GC invocations=401866 (full 977):
 PSYoungGen      total 349184K, used 64K [0x00000000eaa80000, 0x0000000100000000, 0x0000000100000000)
  eden space 348672K, 0% used [0x00000000eaa80000,0x00000000eaa80000,0x00000000fff00000)
  from space 512K, 12% used [0x00000000fff00000,0x00000000fff10000,0x00000000fff80000)
  to   space 512K, 0% used [0x00000000fff80000,0x00000000fff80000,0x0000000100000000)
 ParOldGen       total 104448K, used 98412K [0x00000000c0000000, 0x00000000c6600000, 0x00000000eaa80000)
  object space 104448K, 94% used [0x00000000c0000000,0x00000000c601b1d0,0x00000000c6600000)
 PSPermGen       total 120320K, used 120065K [0x00000000b0000000, 0x00000000b7580000, 0x00000000c0000000)
  object space 120320K, 99% used [0x00000000b0000000,0x00000000b75406e0,0x00000000b7580000)
}
Event: 124027.271 GC heap before
{Heap before GC invocations=401867 (full 977):
 PSYoungGen      total 349184K, used 348736K [0x00000000eaa80000, 0x0000000100000000, 0x0000000100000000)
  eden space 348672K, 100% used [0x00000000eaa80000,0x00000000fff00000,0x00000000fff00000)
  from space 512K, 12% used [0x00000000fff00000,0x00000000fff10000,0x00000000fff80000)
  to   space 512K, 0% used [0x00000000fff80000,0x00000000fff80000,0x0000000100000000)
 ParOldGen       total 104448K, used 98412K [0x00000000c0000000, 0x00000000c6600000, 0x00000000eaa80000)
  object space 104448K, 94% used [0x00000000c0000000,0x00000000c601b1d0,0x00000000c6600000)
 PSPermGen       total 120320K, used 120065K [0x00000000b0000000, 0x00000000b7580000, 0x00000000c0000000)
  object space 120320K, 99% used [0x00000000b0000000,0x00000000b75406e0,0x00000000b7580000)
Event: 124027.290 GC heap after
Heap after GC invocations=401867 (full 977):
 PSYoungGen      total 349184K, used 32K [0x00000000eaa80000, 0x0000000100000000, 0x0000000100000000)
  eden space 348672K, 0% used [0x00000000eaa80000,0x00000000eaa80000,0x00000000fff00000)
  from space 512K, 6% used [0x00000000fff80000,0x00000000fff88000,0x0000000100000000)
  to   space 512K, 0% used [0x00000000fff00000,0x00000000fff00000,0x00000000fff80000)
 ParOldGen       total 104448K, used 98412K [0x00000000c0000000, 0x00000000c6600000, 0x00000000eaa80000)
  object space 104448K, 94% used [0x00000000c0000000,0x00000000c601b1d0,0x00000000c6600000)
 PSPermGen       total 120320K, used 120065K [0x00000000b0000000, 0x00000000b7580000, 0x00000000c0000000)
  object space 120320K, 99% used [0x00000000b0000000,0x00000000b75406e0,0x00000000b7580000)
}
Event: 124027.402 GC heap before
{Heap before GC invocations=401868 (full 977):
 PSYoungGen      total 349184K, used 348704K [0x00000000eaa80000, 0x0000000100000000, 0x0000000100000000)
  eden space 348672K, 100% used [0x00000000eaa80000,0x00000000fff00000,0x00000000fff00000)
  from space 512K, 6% used [0x00000000fff80000,0x00000000fff88000,0x0000000100000000)
  to   space 512K, 0% used [0x00000000fff00000,0x00000000fff00000,0x00000000fff80000)
 ParOldGen       total 104448K, used 98412K [0x00000000c0000000, 0x00000000c6600000, 0x00000000eaa80000)
  object space 104448K, 94% used [0x00000000c0000000,0x00000000c601b1d0,0x00000000c6600000)
 PSPermGen       total 120320K, used 120065K [0x00000000b0000000, 0x00000000b7580000, 0x00000000c0000000)
  object space 120320K, 99% used [0x00000000b0000000,0x00000000b75406e0,0x00000000b7580000)
Event: 124027.421 GC heap after
Heap after GC invocations=401868 (full 977):
 PSYoungGen      total 349184K, used 64K [0x00000000eaa80000, 0x0000000100000000, 0x0000000100000000)
  eden space 348672K, 0% used [0x00000000eaa80000,0x00000000eaa80000,0x00000000fff00000)
  from space 512K, 12% used [0x00000000fff00000,0x00000000fff10000,0x00000000fff80000)
  to   space 512K, 0% used [0x00000000fff80000,0x00000000fff80000,0x0000000100000000)
 ParOldGen       total 104448K, used 98412K [0x00000000c0000000, 0x00000000c6600000, 0x00000000eaa80000)
  object space 104448K, 94% used [0x00000000c0000000,0x00000000c601b1d0,0x00000000c6600000)
 PSPermGen       total 120320K, used 120065K [0x00000000b0000000, 0x00000000b7580000, 0x00000000c0000000)
  object space 120320K, 99% used [0x00000000b0000000,0x00000000b75406e0,0x00000000b7580000)
}
Event: 124027.534 GC heap before
{Heap before GC invocations=401869 (full 977):
 PSYoungGen      total 349184K, used 348736K [0x00000000eaa80000, 0x0000000100000000, 0x0000000100000000)
  eden space 348672K, 100% used [0x00000000eaa80000,0x00000000fff00000,0x00000000fff00000)
  from space 512K, 12% used [0x00000000fff00000,0x00000000fff10000,0x00000000fff80000)
  to   space 512K, 0% used [0x00000000fff80000,0x00000000fff80000,0x0000000100000000)
 ParOldGen       total 104448K, used 98412K [0x00000000c0000000, 0x00000000c6600000, 0x00000000eaa80000)
  object space 104448K, 94% used [0x00000000c0000000,0x00000000c601b1d0,0x00000000c6600000)
 PSPermGen       total 120320K, used 120065K [0x00000000b0000000, 0x00000000b7580000, 0x00000000c0000000)
  object space 120320K, 99% used [0x00000000b0000000,0x00000000b75406e0,0x00000000b7580000)
Event: 124027.565 GC heap after
Heap after GC invocations=401869 (full 977):
 PSYoungGen      total 349184K, used 96K [0x00000000eaa80000, 0x0000000100000000, 0x0000000100000000)
  eden space 348672K, 0% used [0x00000000eaa80000,0x00000000eaa80000,0x00000000fff00000)
  from space 512K, 18% used [0x00000000fff80000,0x00000000fff98000,0x0000000100000000)
  to   space 512K, 0% used [0x00000000fff00000,0x00000000fff00000,0x00000000fff80000)
 ParOldGen       total 104448K, used 98412K [0x00000000c0000000, 0x00000000c6600000, 0x00000000eaa80000)
  object space 104448K, 94% used [0x00000000c0000000,0x00000000c601b1d0,0x00000000c6600000)
 PSPermGen       total 120320K, used 120065K [0x00000000b0000000, 0x00000000b7580000, 0x00000000c0000000)
  object space 120320K, 99% used [0x00000000b0000000,0x00000000b75406e0,0x00000000b7580000)
}
Event: 124027.678 GC heap before
{Heap before GC invocations=401870 (full 977):
 PSYoungGen      total 349184K, used 348768K [0x00000000eaa80000, 0x0000000100000000, 0x0000000100000000)
  eden space 348672K, 100% used [0x00000000eaa80000,0x00000000fff00000,0x00000000fff00000)
  from space 512K, 18% used [0x00000000fff80000,0x00000000fff98000,0x0000000100000000)
  to   space 512K, 0% used [0x00000000fff00000,0x00000000fff00000,0x00000000fff80000)
 ParOldGen       total 104448K, used 98412K [0x00000000c0000000, 0x00000000c6600000, 0x00000000eaa80000)
  object space 104448K, 94% used [0x00000000c0000000,0x00000000c601b1d0,0x00000000c6600000)
 PSPermGen       total 120320K, used 120065K [0x00000000b0000000, 0x00000000b7580000, 0x00000000c0000000)
  object space 120320K, 99% used [0x00000000b0000000,0x00000000b75406e0,0x00000000b7580000)
Event: 124027.700 GC heap after
Heap after GC invocations=401870 (full 977):
 PSYoungGen      total 349184K, used 64K [0x00000000eaa80000, 0x0000000100000000, 0x0000000100000000)
  eden space 348672K, 0% used [0x00000000eaa80000,0x00000000eaa80000,0x00000000fff00000)
  from space 512K, 12% used [0x00000000fff00000,0x00000000fff10000,0x00000000fff80000)
  to   space 512K, 0% used [0x00000000fff80000,0x00000000fff80000,0x0000000100000000)
 ParOldGen       total 104448K, used 98412K [0x00000000c0000000, 0x00000000c6600000, 0x00000000eaa80000)
  object space 104448K, 94% used [0x00000000c0000000,0x00000000c601b1d0,0x00000000c6600000)
 PSPermGen       total 120320K, used 120065K [0x00000000b0000000, 0x00000000b7580000, 0x00000000c0000000)
  object space 120320K, 99% used [0x00000000b0000000,0x00000000b75406e0,0x00000000b7580000)
}

