# JRE version: Java(TM) SE Runtime Environment (7.0_67-b01) (build 1.7.0_67-b01)
# Java VM: Java HotSpot(TM) 64-Bit Server VM (24.65-b04 mixed mode linux-amd64 compressed oops)
Heap
 PSYoungGen      total 348672K, used 279831K [0x00000000eaa80000, 0x0000000100000000, 0x0000000100000000)
  eden space 348160K, 80% used [0x00000000eaa80000,0x00000000fbbadce0,0x00000000ffe80000)
  from space 512K, 18% used [0x00000000ffe80000,0x00000000ffe98000,0x00000000fff00000)
  to   space 512K, 0% used [0x00000000fff80000,0x00000000fff80000,0x0000000100000000)
 ParOldGen       total 108544K, used 88444K [0x00000000c0000000, 0x00000000c6a00000, 0x00000000eaa80000)
  object space 108544K, 81% used [0x00000000c0000000,0x00000000c565f220,0x00000000c6a00000)
 PSPermGen       total 119808K, used 119777K [0x00000000b0000000, 0x00000000b7500000, 0x00000000c0000000)
  object space 119808K, 99% used [0x00000000b0000000,0x00000000b74f8750,0x00000000b7500000)
GC Heap History (10 events):
Event: 47528.901 GC heap before
{Heap before GC invocations=176548 (full 381):
 PSYoungGen      total 348160K, used 348160K [0x00000000eaa80000, 0x0000000100000000, 0x0000000100000000)
  eden space 347648K, 100% used [0x00000000eaa80000,0x00000000ffe00000,0x00000000ffe00000)
  from space 512K, 100% used [0x00000000fff80000,0x0000000100000000,0x0000000100000000)
  to   space 1024K, 0% used [0x00000000ffe00000,0x00000000ffe00000,0x00000000fff00000)
 ParOldGen       total 108544K, used 87972K [0x00000000c0000000, 0x00000000c6a00000, 0x00000000eaa80000)
  object space 108544K, 81% used [0x00000000c0000000,0x00000000c55e9220,0x00000000c6a00000)
 PSPermGen       total 119808K, used 119777K [0x00000000b0000000, 0x00000000b7500000, 0x00000000c0000000)
  object space 119808K, 99% used [0x00000000b0000000,0x00000000b74f8750,0x00000000b7500000)
Event: 47528.972 GC heap after
Heap after GC invocations=176548 (full 381):
 PSYoungGen      total 348672K, used 32K [0x00000000eaa80000, 0x0000000100000000, 0x0000000100000000)
  eden space 347648K, 0% used [0x00000000eaa80000,0x00000000eaa80000,0x00000000ffe00000)
  from space 1024K, 3% used [0x00000000ffe00000,0x00000000ffe08000,0x00000000fff00000)
  to   space 1024K, 0% used [0x00000000fff00000,0x00000000fff00000,0x0000000100000000)
 ParOldGen       total 108544K, used 88444K [0x00000000c0000000, 0x00000000c6a00000, 0x00000000eaa80000)
  object space 108544K, 81% used [0x00000000c0000000,0x00000000c565f220,0x00000000c6a00000)
 PSPermGen       total 119808K, used 119777K [0x00000000b0000000, 0x00000000b7500000, 0x00000000c0000000)
  object space 119808K, 99% used [0x00000000b0000000,0x00000000b74f8750,0x00000000b7500000)
}
Event: 47529.374 GC heap before
{Heap before GC invocations=176549 (full 381):
 PSYoungGen      total 348672K, used 347680K [0x00000000eaa80000, 0x0000000100000000, 0x0000000100000000)
  eden space 347648K, 100% used [0x00000000eaa80000,0x00000000ffe00000,0x00000000ffe00000)
  from space 1024K, 3% used [0x00000000ffe00000,0x00000000ffe08000,0x00000000fff00000)
  to   space 1024K, 0% used [0x00000000fff00000,0x00000000fff00000,0x0000000100000000)
 ParOldGen       total 108544K, used 88444K [0x00000000c0000000, 0x00000000c6a00000, 0x00000000eaa80000)
  object space 108544K, 81% used [0x00000000c0000000,0x00000000c565f220,0x00000000c6a00000)
 PSPermGen       total 119808K, used 119777K [0x00000000b0000000, 0x00000000b7500000, 0x00000000c0000000)
  object space 119808K, 99% used [0x00000000b0000000,0x00000000b74f8750,0x00000000b7500000)
Event: 47529.431 GC heap after
Heap after GC invocations=176549 (full 381):
 PSYoungGen      total 348672K, used 64K [0x00000000eaa80000, 0x0000000100000000, 0x0000000100000000)
  eden space 347648K, 0% used [0x00000000eaa80000,0x00000000eaa80000,0x00000000ffe00000)
  from space 1024K, 6% used [0x00000000fff00000,0x00000000fff10000,0x0000000100000000)
  to   space 1024K, 0% used [0x00000000ffe00000,0x00000000ffe00000,0x00000000fff00000)
 ParOldGen       total 108544K, used 88444K [0x00000000c0000000, 0x00000000c6a00000, 0x00000000eaa80000)
  object space 108544K, 81% used [0x00000000c0000000,0x00000000c565f220,0x00000000c6a00000)
 PSPermGen       total 119808K, used 119777K [0x00000000b0000000, 0x00000000b7500000, 0x00000000c0000000)
  object space 119808K, 99% used [0x00000000b0000000,0x00000000b74f8750,0x00000000b7500000)
}
Event: 47529.819 GC heap before
{Heap before GC invocations=176550 (full 381):
 PSYoungGen      total 348672K, used 347712K [0x00000000eaa80000, 0x0000000100000000, 0x0000000100000000)
  eden space 347648K, 100% used [0x00000000eaa80000,0x00000000ffe00000,0x00000000ffe00000)
  from space 1024K, 6% used [0x00000000fff00000,0x00000000fff10000,0x0000000100000000)
  to   space 1024K, 0% used [0x00000000ffe00000,0x00000000ffe00000,0x00000000fff00000)
 ParOldGen       total 108544K, used 88444K [0x00000000c0000000, 0x00000000c6a00000, 0x00000000eaa80000)
  object space 108544K, 81% used [0x00000000c0000000,0x00000000c565f220,0x00000000c6a00000)
 PSPermGen       total 119808K, used 119777K [0x00000000b0000000, 0x00000000b7500000, 0x00000000c0000000)
  object space 119808K, 99% used [0x00000000b0000000,0x00000000b74f8750,0x00000000b7500000)
Event: 47529.858 GC heap after
Heap after GC invocations=176550 (full 381):
 PSYoungGen      total 348672K, used 32K [0x00000000eaa80000, 0x0000000100000000, 0x0000000100000000)
  eden space 347648K, 0% used [0x00000000eaa80000,0x00000000eaa80000,0x00000000ffe00000)
  from space 1024K, 3% used [0x00000000ffe00000,0x00000000ffe08000,0x00000000fff00000)
  to   space 1024K, 0% used [0x00000000fff00000,0x00000000fff00000,0x0000000100000000)
 ParOldGen       total 108544K, used 88444K [0x00000000c0000000, 0x00000000c6a00000, 0x00000000eaa80000)
  object space 108544K, 81% used [0x00000000c0000000,0x00000000c565f220,0x00000000c6a00000)
 PSPermGen       total 119808K, used 119777K [0x00000000b0000000, 0x00000000b7500000, 0x00000000c0000000)
  object space 119808K, 99% used [0x00000000b0000000,0x00000000b74f8750,0x00000000b7500000)
}
Event: 47530.246 GC heap before
{Heap before GC invocations=176551 (full 381):
 PSYoungGen      total 348672K, used 347680K [0x00000000eaa80000, 0x0000000100000000, 0x0000000100000000)
  eden space 347648K, 100% used [0x00000000eaa80000,0x00000000ffe00000,0x00000000ffe00000)
  from space 1024K, 3% used [0x00000000ffe00000,0x00000000ffe08000,0x00000000fff00000)
  to   space 1024K, 0% used [0x00000000fff00000,0x00000000fff00000,0x0000000100000000)
 ParOldGen       total 108544K, used 88444K [0x00000000c0000000, 0x00000000c6a00000, 0x00000000eaa80000)
  object space 108544K, 81% used [0x00000000c0000000,0x00000000c565f220,0x00000000c6a00000)
 PSPermGen       total 119808K, used 119777K [0x00000000b0000000, 0x00000000b7500000, 0x00000000c0000000)
  object space 119808K, 99% used [0x00000000b0000000,0x00000000b74f8750,0x00000000b7500000)
Event: 47530.283 GC heap after
Heap after GC invocations=176551 (full 381):
 PSYoungGen      total 348160K, used 32K [0x00000000eaa80000, 0x00000000fff80000, 0x0000000100000000)
  eden space 347648K, 0% used [0x00000000eaa80000,0x00000000eaa80000,0x00000000ffe00000)
  from space 512K, 6% used [0x00000000fff00000,0x00000000fff08000,0x00000000fff80000)
  to   space 512K, 0% used [0x00000000ffe80000,0x00000000ffe80000,0x00000000fff00000)
 ParOldGen       total 108544K, used 88444K [0x00000000c0000000, 0x00000000c6a00000, 0x00000000eaa80000)
  object space 108544K, 81% used [0x00000000c0000000,0x00000000c565f220,0x00000000c6a00000)
 PSPermGen       total 119808K, used 119777K [0x00000000b0000000, 0x00000000b7500000, 0x00000000c0000000)
  object space 119808K, 99% used [0x00000000b0000000,0x00000000b74f8750,0x00000000b7500000)
}
Event: 47530.677 GC heap before
{Heap before GC invocations=176552 (full 381):
 PSYoungGen      total 348160K, used 347680K [0x00000000eaa80000, 0x00000000fff80000, 0x0000000100000000)
  eden space 347648K, 100% used [0x00000000eaa80000,0x00000000ffe00000,0x00000000ffe00000)
  from space 512K, 6% used [0x00000000fff00000,0x00000000fff08000,0x00000000fff80000)
  to   space 512K, 0% used [0x00000000ffe80000,0x00000000ffe80000,0x00000000fff00000)
 ParOldGen       total 108544K, used 88444K [0x00000000c0000000, 0x00000000c6a00000, 0x00000000eaa80000)
  object space 108544K, 81% used [0x00000000c0000000,0x00000000c565f220,0x00000000c6a00000)
 PSPermGen       total 119808K, used 119777K [0x00000000b0000000, 0x00000000b7500000, 0x00000000c0000000)
  object space 119808K, 99% used [0x00000000b0000000,0x00000000b74f8750,0x00000000b7500000)
Event: 47530.699 GC heap after
Heap after GC invocations=176552 (full 381):
 PSYoungGen      total 348672K, used 96K [0x00000000eaa80000, 0x0000000100000000, 0x0000000100000000)
  eden space 348160K, 0% used [0x00000000eaa80000,0x00000000eaa80000,0x00000000ffe80000)
  from space 512K, 18% used [0x00000000ffe80000,0x00000000ffe98000,0x00000000fff00000)
  to   space 512K, 0% used [0x00000000fff80000,0x00000000fff80000,0x0000000100000000)
 ParOldGen       total 108544K, used 88444K [0x00000000c0000000, 0x00000000c6a00000, 0x00000000eaa80000)
  object space 108544K, 81% used [0x00000000c0000000,0x00000000c565f220,0x00000000c6a00000)
 PSPermGen       total 119808K, used 119777K [0x00000000b0000000, 0x00000000b7500000, 0x00000000c0000000)
  object space 119808K, 99% used [0x00000000b0000000,0x00000000b74f8750,0x00000000b7500000)
}

