# JRE version: Java(TM) SE Runtime Environment (7.0_67-b01) (build 1.7.0_67-b01)
# Java VM: Java HotSpot(TM) 64-Bit Server VM (24.65-b04 mixed mode linux-amd64 compressed oops)
Heap
 PSYoungGen      total 349184K, used 196249K [0x00000000eaa80000, 0x0000000100000000, 0x0000000100000000)
  eden space 348672K, 56% used [0x00000000eaa80000,0x00000000f6a0e610,0x00000000fff00000)
  from space 512K, 18% used [0x00000000fff00000,0x00000000fff18000,0x00000000fff80000)
  to   space 512K, 0% used [0x00000000fff80000,0x00000000fff80000,0x0000000100000000)
 ParOldGen       total 104960K, used 89252K [0x00000000c0000000, 0x00000000c6680000, 0x00000000eaa80000)
  object space 104960K, 85% used [0x00000000c0000000,0x00000000c5729238,0x00000000c6680000)
 PSPermGen       total 121856K, used 119301K [0x00000000b0000000, 0x00000000b7700000, 0x00000000c0000000)
  object space 121856K, 97% used [0x00000000b0000000,0x00000000b74817a0,0x00000000b7700000)
GC Heap History (10 events):
Event: 3531.256 GC heap before
{Heap before GC invocations=14465 (full 28):
 PSYoungGen      total 349184K, used 348736K [0x00000000eaa80000, 0x0000000100000000, 0x0000000100000000)
  eden space 348672K, 100% used [0x00000000eaa80000,0x00000000fff00000,0x00000000fff00000)
  from space 512K, 12% used [0x00000000fff80000,0x00000000fff90000,0x0000000100000000)
  to   space 512K, 0% used [0x00000000fff00000,0x00000000fff00000,0x00000000fff80000)
 ParOldGen       total 104960K, used 89252K [0x00000000c0000000, 0x00000000c6680000, 0x00000000eaa80000)
  object space 104960K, 85% used [0x00000000c0000000,0x00000000c5729238,0x00000000c6680000)
 PSPermGen       total 121856K, used 119301K [0x00000000b0000000, 0x00000000b7700000, 0x00000000c0000000)
  object space 121856K, 97% used [0x00000000b0000000,0x00000000b74817a0,0x00000000b7700000)
Event: 3531.277 GC heap after
Heap after GC invocations=14465 (full 28):
 PSYoungGen      total 349184K, used 32K [0x00000000eaa80000, 0x0000000100000000, 0x0000000100000000)
  eden space 348672K, 0% used [0x00000000eaa80000,0x00000000eaa80000,0x00000000fff00000)
  from space 512K, 6% used [0x00000000fff00000,0x00000000fff08000,0x00000000fff80000)
  to   space 512K, 0% used [0x00000000fff80000,0x00000000fff80000,0x0000000100000000)
 ParOldGen       total 104960K, used 89252K [0x00000000c0000000, 0x00000000c6680000, 0x00000000eaa80000)
  object space 104960K, 85% used [0x00000000c0000000,0x00000000c5729238,0x00000000c6680000)
 PSPermGen       total 121856K, used 119301K [0x00000000b0000000, 0x00000000b7700000, 0x00000000c0000000)
  object space 121856K, 97% used [0x00000000b0000000,0x00000000b74817a0,0x00000000b7700000)
}
Event: 3531.398 GC heap before
{Heap before GC invocations=14466 (full 28):
 PSYoungGen      total 349184K, used 348704K [0x00000000eaa80000, 0x0000000100000000, 0x0000000100000000)
  eden space 348672K, 100% used [0x00000000eaa80000,0x00000000fff00000,0x00000000fff00000)
  from space 512K, 6% used [0x00000000fff00000,0x00000000fff08000,0x00000000fff80000)
  to   space 512K, 0% used [0x00000000fff80000,0x00000000fff80000,0x0000000100000000)
 ParOldGen       total 104960K, used 89252K [0x00000000c0000000, 0x00000000c6680000, 0x00000000eaa80000)
  object space 104960K, 85% used [0x00000000c0000000,0x00000000c5729238,0x00000000c6680000)
 PSPermGen       total 121856K, used 119301K [0x00000000b0000000, 0x00000000b7700000, 0x00000000c0000000)
  object space 121856K, 97% used [0x00000000b0000000,0x00000000b74817a0,0x00000000b7700000)
Event: 3531.438 GC heap after
Heap after GC invocations=14466 (full 28):
 PSYoungGen      total 349184K, used 64K [0x00000000eaa80000, 0x0000000100000000, 0x0000000100000000)
  eden space 348672K, 0% used [0x00000000eaa80000,0x00000000eaa80000,0x00000000fff00000)
  from space 512K, 12% used [0x00000000fff80000,0x00000000fff90000,0x0000000100000000)
  to   space 512K, 0% used [0x00000000fff00000,0x00000000fff00000,0x00000000fff80000)
 ParOldGen       total 104960K, used 89252K [0x00000000c0000000, 0x00000000c6680000, 0x00000000eaa80000)
  object space 104960K, 85% used [0x00000000c0000000,0x00000000c5729238,0x00000000c6680000)
 PSPermGen       total 121856K, used 119301K [0x00000000b0000000, 0x00000000b7700000, 0x00000000c0000000)
  object space 121856K, 97% used [0x00000000b0000000,0x00000000b74817a0,0x00000000b7700000)
}
Event: 3531.792 GC heap before
{Heap before GC invocations=14467 (full 28):
 PSYoungGen      total 349184K, used 348736K [0x00000000eaa80000, 0x0000000100000000, 0x0000000100000000)
  eden space 348672K, 100% used [0x00000000eaa80000,0x00000000fff00000,0x00000000fff00000)
  from space 512K, 12% used [0x00000000fff80000,0x00000000fff90000,0x0000000100000000)
  to   space 512K, 0% used [0x00000000fff00000,0x00000000fff00000,0x00000000fff80000)
 ParOldGen       total 104960K, used 89252K [0x00000000c0000000, 0x00000000c6680000, 0x00000000eaa80000)
  object space 104960K, 85% used [0x00000000c0000000,0x00000000c5729238,0x00000000c6680000)
 PSPermGen       total 121856K, used 119301K [0x00000000b0000000, 0x00000000b7700000, 0x00000000c0000000)
  object space 121856K, 97% used [0x00000000b0000000,0x00000000b74817a0,0x00000000b7700000)
Event: 3531.829 GC heap after
Heap after GC invocations=14467 (full 28):
 PSYoungGen      total 349184K, used 64K [0x00000000eaa80000, 0x0000000100000000, 0x0000000100000000)
  eden space 348672K, 0% used [0x00000000eaa80000,0x00000000eaa80000,0x00000000fff00000)
  from space 512K, 12% used [0x00000000fff00000,0x00000000fff10000,0x00000000fff80000)
  to   space 512K, 0% used [0x00000000fff80000,0x00000000fff80000,0x0000000100000000)
 ParOldGen       total 104960K, used 89252K [0x00000000c0000000, 0x00000000c6680000, 0x00000000eaa80000)
  object space 104960K, 85% used [0x00000000c0000000,0x00000000c5729238,0x00000000c6680000)
 PSPermGen       total 121856K, used 119301K [0x00000000b0000000, 0x00000000b7700000, 0x00000000c0000000)
  object space 121856K, 97% used [0x00000000b0000000,0x00000000b74817a0,0x00000000b7700000)
}
Event: 3532.214 GC heap before
{Heap before GC invocations=14468 (full 28):
 PSYoungGen      total 349184K, used 348736K [0x00000000eaa80000, 0x0000000100000000, 0x0000000100000000)
  eden space 348672K, 100% used [0x00000000eaa80000,0x00000000fff00000,0x00000000fff00000)
  from space 512K, 12% used [0x00000000fff00000,0x00000000fff10000,0x00000000fff80000)
  to   space 512K, 0% used [0x00000000fff80000,0x00000000fff80000,0x0000000100000000)
 ParOldGen       total 104960K, used 89252K [0x00000000c0000000, 0x00000000c6680000, 0x00000000eaa80000)
  object space 104960K, 85% used [0x00000000c0000000,0x00000000c5729238,0x00000000c6680000)
 PSPermGen       total 121856K, used 119301K [0x00000000b0000000, 0x00000000b7700000, 0x00000000c0000000)
  object space 121856K, 97% used [0x00000000b0000000,0x00000000b74817a0,0x00000000b7700000)
Event: 3532.286 GC heap after
Heap after GC invocations=14468 (full 28):
 PSYoungGen      total 349184K, used 64K [0x00000000eaa80000, 0x0000000100000000, 0x0000000100000000)
  eden space 348672K, 0% used [0x00000000eaa80000,0x00000000eaa80000,0x00000000fff00000)
  from space 512K, 12% used [0x00000000fff80000,0x00000000fff90000,0x0000000100000000)
  to   space 512K, 0% used [0x00000000fff00000,0x00000000fff00000,0x00000000fff80000)
 ParOldGen       total 104960K, used 89252K [0x00000000c0000000, 0x00000000c6680000, 0x00000000eaa80000)
  object space 104960K, 85% used [0x00000000c0000000,0x00000000c5729238,0x00000000c6680000)
 PSPermGen       total 121856K, used 119301K [0x00000000b0000000, 0x00000000b7700000, 0x00000000c0000000)
  object space 121856K, 97% used [0x00000000b0000000,0x00000000b74817a0,0x00000000b7700000)
}
Event: 3532.671 GC heap before
{Heap before GC invocations=14469 (full 28):
 PSYoungGen      total 349184K, used 348736K [0x00000000eaa80000, 0x0000000100000000, 0x0000000100000000)
  eden space 348672K, 100% used [0x00000000eaa80000,0x00000000fff00000,0x00000000fff00000)
  from space 512K, 12% used [0x00000000fff80000,0x00000000fff90000,0x0000000100000000)
  to   space 512K, 0% used [0x00000000fff00000,0x00000000fff00000,0x00000000fff80000)
 ParOldGen       total 104960K, used 89252K [0x00000000c0000000, 0x00000000c6680000, 0x00000000eaa80000)
  object space 104960K, 85% used [0x00000000c0000000,0x00000000c5729238,0x00000000c6680000)
 PSPermGen       total 121856K, used 119301K [0x00000000b0000000, 0x00000000b7700000, 0x00000000c0000000)
  object space 121856K, 97% used [0x00000000b0000000,0x00000000b74817a0,0x00000000b7700000)
Event: 3532.692 GC heap after
Heap after GC invocations=14469 (full 28):
 PSYoungGen      total 349184K, used 96K [0x00000000eaa80000, 0x0000000100000000, 0x0000000100000000)
  eden space 348672K, 0% used [0x00000000eaa80000,0x00000000eaa80000,0x00000000fff00000)
  from space 512K, 18% used [0x00000000fff00000,0x00000000fff18000,0x00000000fff80000)
  to   space 512K, 0% used [0x00000000fff80000,0x00000000fff80000,0x0000000100000000)
 ParOldGen       total 104960K, used 89252K [0x00000000c0000000, 0x00000000c6680000, 0x00000000eaa80000)
  object space 104960K, 85% used [0x00000000c0000000,0x00000000c5729238,0x00000000c6680000)
 PSPermGen       total 121856K, used 119301K [0x00000000b0000000, 0x00000000b7700000, 0x00000000c0000000)
  object space 121856K, 97% used [0x00000000b0000000,0x00000000b74817a0,0x00000000b7700000)
}

